This is pdfTeX, Version 3.141592653-2.6-1.40.25 (MiKTeX 24.1) (preloaded format=pdflatex 2025.9.10)  24 SEP 2025 18:25
entering extended mode
 restricted \write18 enabled.
 %&-line parsing enabled.
**./main.tex
(main.tex
LaTeX2e <2023-11-01> patch level 1
L3 programming layer <2024-01-04>
(C:\Users\maria\AppData\Local\Programs\MiKTeX\tex/latex/base\article.cls
Document Class: article 2023/05/17 v1.4n Standard LaTeX document class
(C:\Users\maria\AppData\Local\Programs\MiKTeX\tex/latex/base\size12.clo
File: size12.clo 2023/05/17 v1.4n Standard LaTeX file (size option)
)
\c@part=\count187
\c@section=\count188
\c@subsection=\count189
\c@subsubsection=\count190
\c@paragraph=\count191
\c@subparagraph=\count192
\c@figure=\count193
\c@table=\count194
\abovecaptionskip=\skip48
\belowcaptionskip=\skip49
\bibindent=\dimen140
)
(preamble.tex
(C:\Users\maria\AppData\Local\Programs\MiKTeX\tex/latex/base\inputenc.sty
Package: inputenc 2021/02/14 v1.3d Input encoding file
\inpenc@prehook=\toks17
\inpenc@posthook=\toks18
)
(C:\Users\maria\AppData\Local\Programs\MiKTeX\tex/latex/base\fontenc.sty
Package: fontenc 2021/04/29 v2.0v Standard LaTeX package
)
(C:\Users\maria\AppData\Local\Programs\MiKTeX\tex/latex/amsmath\amsmath.sty
Package: amsmath 2023/05/13 v2.17o AMS math features
\@mathmargin=\skip50

For additional information on amsmath, use the `?' option.
(C:\Users\maria\AppData\Local\Programs\MiKTeX\tex/latex/amsmath\amstext.sty
Package: amstext 2021/08/26 v2.01 AMS text

(C:\Users\maria\AppData\Local\Programs\MiKTeX\tex/latex/amsmath\amsgen.sty
File: amsgen.sty 1999/11/30 v2.0 generic functions
\@emptytoks=\toks19
\ex@=\dimen141
))
(C:\Users\maria\AppData\Local\Programs\MiKTeX\tex/latex/amsmath\amsbsy.sty
Package: amsbsy 1999/11/29 v1.2d Bold Symbols
\pmbraise@=\dimen142
)
(C:\Users\maria\AppData\Local\Programs\MiKTeX\tex/latex/amsmath\amsopn.sty
Package: amsopn 2022/04/08 v2.04 operator names
)
\inf@bad=\count195
LaTeX Info: Redefining \frac on input line 234.
\uproot@=\count196
\leftroot@=\count197
LaTeX Info: Redefining \overline on input line 399.
LaTeX Info: Redefining \colon on input line 410.
\classnum@=\count198
\DOTSCASE@=\count199
LaTeX Info: Redefining \ldots on input line 496.
LaTeX Info: Redefining \dots on input line 499.
LaTeX Info: Redefining \cdots on input line 620.
\Mathstrutbox@=\box51
\strutbox@=\box52
LaTeX Info: Redefining \big on input line 722.
LaTeX Info: Redefining \Big on input line 723.
LaTeX Info: Redefining \bigg on input line 724.
LaTeX Info: Redefining \Bigg on input line 725.
\big@size=\dimen143
LaTeX Font Info:    Redeclaring font encoding OML on input line 743.
LaTeX Font Info:    Redeclaring font encoding OMS on input line 744.
\macc@depth=\count266
LaTeX Info: Redefining \bmod on input line 905.
LaTeX Info: Redefining \pmod on input line 910.
LaTeX Info: Redefining \smash on input line 940.
LaTeX Info: Redefining \relbar on input line 970.
LaTeX Info: Redefining \Relbar on input line 971.
\c@MaxMatrixCols=\count267
\dotsspace@=\muskip16
\c@parentequation=\count268
\dspbrk@lvl=\count269
\tag@help=\toks20
\row@=\count270
\column@=\count271
\maxfields@=\count272
\andhelp@=\toks21
\eqnshift@=\dimen144
\alignsep@=\dimen145
\tagshift@=\dimen146
\tagwidth@=\dimen147
\totwidth@=\dimen148
\lineht@=\dimen149
\@envbody=\toks22
\multlinegap=\skip51
\multlinetaggap=\skip52
\mathdisplay@stack=\toks23
LaTeX Info: Redefining \[ on input line 2953.
LaTeX Info: Redefining \] on input line 2954.
)
(C:\Users\maria\AppData\Local\Programs\MiKTeX\tex/latex/amsfonts\amssymb.sty
Package: amssymb 2013/01/14 v3.01 AMS font symbols

(C:\Users\maria\AppData\Local\Programs\MiKTeX\tex/latex/amsfonts\amsfonts.sty
Package: amsfonts 2013/01/14 v3.01 Basic AMSFonts support
\symAMSa=\mathgroup4
\symAMSb=\mathgroup5
LaTeX Font Info:    Redeclaring math symbol \hbar on input line 98.
LaTeX Font Info:    Overwriting math alphabet `\mathfrak' in version `bold'
(Font)                  U/euf/m/n --> U/euf/b/n on input line 106.
)) (C:\Users\maria\AppData\Local\Programs\MiKTeX\tex/latex/amscls\amsthm.sty
Package: amsthm 2020/05/29 v2.20.6
\thm@style=\toks24
\thm@bodyfont=\toks25
\thm@headfont=\toks26
\thm@notefont=\toks27
\thm@headpunct=\toks28
\thm@preskip=\skip53
\thm@postskip=\skip54
\thm@headsep=\skip55
\dth@everypar=\toks29
)
(C:\Users\maria\AppData\Local\Programs\MiKTeX\tex/latex/tcolorbox\tcolorbox.sty
Package: tcolorbox 2024/01/10 version 6.2.0 text color boxes
(C:\Users\maria\AppData\Local\Programs\MiKTeX\tex/latex/pgf/basiclayer\pgf.sty
(C:\Users\maria\AppData\Local\Programs\MiKTeX\tex/latex/pgf/utilities\pgfrcs.st
y
(C:\Users\maria\AppData\Local\Programs\MiKTeX\tex/generic/pgf/utilities\pgfutil
-common.tex
\pgfutil@everybye=\toks30
\pgfutil@tempdima=\dimen150
\pgfutil@tempdimb=\dimen151
)
(C:\Users\maria\AppData\Local\Programs\MiKTeX\tex/generic/pgf/utilities\pgfutil
-latex.def
\pgfutil@abb=\box53
)
(C:\Users\maria\AppData\Local\Programs\MiKTeX\tex/generic/pgf/utilities\pgfrcs.
code.tex
(C:\Users\maria\AppData\Local\Programs\MiKTeX\tex/generic/pgf\pgf.revision.tex)
Package: pgfrcs 2023-01-15 v3.1.10 (3.1.10)
))
Package: pgf 2023-01-15 v3.1.10 (3.1.10)

(C:\Users\maria\AppData\Local\Programs\MiKTeX\tex/latex/pgf/basiclayer\pgfcore.
sty
(C:\Users\maria\AppData\Local\Programs\MiKTeX\tex/latex/graphics\graphicx.sty
Package: graphicx 2021/09/16 v1.2d Enhanced LaTeX Graphics (DPC,SPQR)

(C:\Users\maria\AppData\Local\Programs\MiKTeX\tex/latex/graphics\keyval.sty
Package: keyval 2022/05/29 v1.15 key=value parser (DPC)
\KV@toks@=\toks31
)
(C:\Users\maria\AppData\Local\Programs\MiKTeX\tex/latex/graphics\graphics.sty
Package: graphics 2022/03/10 v1.4e Standard LaTeX Graphics (DPC,SPQR)

(C:\Users\maria\AppData\Local\Programs\MiKTeX\tex/latex/graphics\trig.sty
Package: trig 2021/08/11 v1.11 sin cos tan (DPC)
)
(C:\Users\maria\AppData\Local\Programs\MiKTeX\tex/latex/graphics-cfg\graphics.c
fg
File: graphics.cfg 2016/06/04 v1.11 sample graphics configuration
)
Package graphics Info: Driver file: pdftex.def on input line 107.

(C:\Users\maria\AppData\Local\Programs\MiKTeX\tex/latex/graphics-def\pdftex.def
File: pdftex.def 2022/09/22 v1.2b Graphics/color driver for pdftex
))
\Gin@req@height=\dimen152
\Gin@req@width=\dimen153
)
(C:\Users\maria\AppData\Local\Programs\MiKTeX\tex/latex/pgf/systemlayer\pgfsys.
sty
(C:\Users\maria\AppData\Local\Programs\MiKTeX\tex/generic/pgf/systemlayer\pgfsy
s.code.tex
Package: pgfsys 2023-01-15 v3.1.10 (3.1.10)

(C:\Users\maria\AppData\Local\Programs\MiKTeX\tex/generic/pgf/utilities\pgfkeys
.code.tex
\pgfkeys@pathtoks=\toks32
\pgfkeys@temptoks=\toks33

(C:\Users\maria\AppData\Local\Programs\MiKTeX\tex/generic/pgf/utilities\pgfkeys
libraryfiltered.code.tex
\pgfkeys@tmptoks=\toks34
))
\pgf@x=\dimen154
\pgf@y=\dimen155
\pgf@xa=\dimen156
\pgf@ya=\dimen157
\pgf@xb=\dimen158
\pgf@yb=\dimen159
\pgf@xc=\dimen160
\pgf@yc=\dimen161
\pgf@xd=\dimen162
\pgf@yd=\dimen163
\w@pgf@writea=\write3
\r@pgf@reada=\read2
\c@pgf@counta=\count273
\c@pgf@countb=\count274
\c@pgf@countc=\count275
\c@pgf@countd=\count276
\t@pgf@toka=\toks35
\t@pgf@tokb=\toks36
\t@pgf@tokc=\toks37
\pgf@sys@id@count=\count277

(C:\Users\maria\AppData\Local\Programs\MiKTeX\tex/generic/pgf/systemlayer\pgf.c
fg
File: pgf.cfg 2023-01-15 v3.1.10 (3.1.10)
)
Driver file for pgf: pgfsys-pdftex.def

(C:\Users\maria\AppData\Local\Programs\MiKTeX\tex/generic/pgf/systemlayer\pgfsy
s-pdftex.def
File: pgfsys-pdftex.def 2023-01-15 v3.1.10 (3.1.10)

(C:\Users\maria\AppData\Local\Programs\MiKTeX\tex/generic/pgf/systemlayer\pgfsy
s-common-pdf.def
File: pgfsys-common-pdf.def 2023-01-15 v3.1.10 (3.1.10)
)))
(C:\Users\maria\AppData\Local\Programs\MiKTeX\tex/generic/pgf/systemlayer\pgfsy
ssoftpath.code.tex
File: pgfsyssoftpath.code.tex 2023-01-15 v3.1.10 (3.1.10)
\pgfsyssoftpath@smallbuffer@items=\count278
\pgfsyssoftpath@bigbuffer@items=\count279
)
(C:\Users\maria\AppData\Local\Programs\MiKTeX\tex/generic/pgf/systemlayer\pgfsy
sprotocol.code.tex
File: pgfsysprotocol.code.tex 2023-01-15 v3.1.10 (3.1.10)
))
(C:\Users\maria\AppData\Local\Programs\MiKTeX\tex/latex/xcolor\xcolor.sty
Package: xcolor 2023/11/15 v3.01 LaTeX color extensions (UK)

(C:\Users\maria\AppData\Local\Programs\MiKTeX\tex/latex/graphics-cfg\color.cfg
File: color.cfg 2016/01/02 v1.6 sample color configuration
)
Package xcolor Info: Driver file: pdftex.def on input line 274.
(C:\Users\maria\AppData\Local\Programs\MiKTeX\tex/latex/graphics\mathcolor.ltx)
Package xcolor Info: Model `cmy' substituted by `cmy0' on input line 1350.
Package xcolor Info: Model `hsb' substituted by `rgb' on input line 1354.
Package xcolor Info: Model `RGB' extended on input line 1366.
Package xcolor Info: Model `HTML' substituted by `rgb' on input line 1368.
Package xcolor Info: Model `Hsb' substituted by `hsb' on input line 1369.
Package xcolor Info: Model `tHsb' substituted by `hsb' on input line 1370.
Package xcolor Info: Model `HSB' substituted by `hsb' on input line 1371.
Package xcolor Info: Model `Gray' substituted by `gray' on input line 1372.
Package xcolor Info: Model `wave' substituted by `hsb' on input line 1373.
)
(C:\Users\maria\AppData\Local\Programs\MiKTeX\tex/generic/pgf/basiclayer\pgfcor
e.code.tex
Package: pgfcore 2023-01-15 v3.1.10 (3.1.10)

(C:\Users\maria\AppData\Local\Programs\MiKTeX\tex/generic/pgf/math\pgfmath.code
.tex
(C:\Users\maria\AppData\Local\Programs\MiKTeX\tex/generic/pgf/math\pgfmathutil.
code.tex)
(C:\Users\maria\AppData\Local\Programs\MiKTeX\tex/generic/pgf/math\pgfmathparse
r.code.tex
\pgfmath@dimen=\dimen164
\pgfmath@count=\count280
\pgfmath@box=\box54
\pgfmath@toks=\toks38
\pgfmath@stack@operand=\toks39
\pgfmath@stack@operation=\toks40
)
(C:\Users\maria\AppData\Local\Programs\MiKTeX\tex/generic/pgf/math\pgfmathfunct
ions.code.tex)
(C:\Users\maria\AppData\Local\Programs\MiKTeX\tex/generic/pgf/math\pgfmathfunct
ions.basic.code.tex)
(C:\Users\maria\AppData\Local\Programs\MiKTeX\tex/generic/pgf/math\pgfmathfunct
ions.trigonometric.code.tex)
(C:\Users\maria\AppData\Local\Programs\MiKTeX\tex/generic/pgf/math\pgfmathfunct
ions.random.code.tex)
(C:\Users\maria\AppData\Local\Programs\MiKTeX\tex/generic/pgf/math\pgfmathfunct
ions.comparison.code.tex)
(C:\Users\maria\AppData\Local\Programs\MiKTeX\tex/generic/pgf/math\pgfmathfunct
ions.base.code.tex)
(C:\Users\maria\AppData\Local\Programs\MiKTeX\tex/generic/pgf/math\pgfmathfunct
ions.round.code.tex)
(C:\Users\maria\AppData\Local\Programs\MiKTeX\tex/generic/pgf/math\pgfmathfunct
ions.misc.code.tex)
(C:\Users\maria\AppData\Local\Programs\MiKTeX\tex/generic/pgf/math\pgfmathfunct
ions.integerarithmetics.code.tex)
(C:\Users\maria\AppData\Local\Programs\MiKTeX\tex/generic/pgf/math\pgfmathcalc.
code.tex)
(C:\Users\maria\AppData\Local\Programs\MiKTeX\tex/generic/pgf/math\pgfmathfloat
.code.tex
\c@pgfmathroundto@lastzeros=\count281
))
(C:\Users\maria\AppData\Local\Programs\MiKTeX\tex/generic/pgf/math\pgfint.code.
tex)
(C:\Users\maria\AppData\Local\Programs\MiKTeX\tex/generic/pgf/basiclayer\pgfcor
epoints.code.tex
File: pgfcorepoints.code.tex 2023-01-15 v3.1.10 (3.1.10)
\pgf@picminx=\dimen165
\pgf@picmaxx=\dimen166
\pgf@picminy=\dimen167
\pgf@picmaxy=\dimen168
\pgf@pathminx=\dimen169
\pgf@pathmaxx=\dimen170
\pgf@pathminy=\dimen171
\pgf@pathmaxy=\dimen172
\pgf@xx=\dimen173
\pgf@xy=\dimen174
\pgf@yx=\dimen175
\pgf@yy=\dimen176
\pgf@zx=\dimen177
\pgf@zy=\dimen178
)
(C:\Users\maria\AppData\Local\Programs\MiKTeX\tex/generic/pgf/basiclayer\pgfcor
epathconstruct.code.tex
File: pgfcorepathconstruct.code.tex 2023-01-15 v3.1.10 (3.1.10)
\pgf@path@lastx=\dimen179
\pgf@path@lasty=\dimen180
)
(C:\Users\maria\AppData\Local\Programs\MiKTeX\tex/generic/pgf/basiclayer\pgfcor
epathusage.code.tex
File: pgfcorepathusage.code.tex 2023-01-15 v3.1.10 (3.1.10)
\pgf@shorten@end@additional=\dimen181
\pgf@shorten@start@additional=\dimen182
)
(C:\Users\maria\AppData\Local\Programs\MiKTeX\tex/generic/pgf/basiclayer\pgfcor
escopes.code.tex
File: pgfcorescopes.code.tex 2023-01-15 v3.1.10 (3.1.10)
\pgfpic=\box55
\pgf@hbox=\box56
\pgf@layerbox@main=\box57
\pgf@picture@serial@count=\count282
)
(C:\Users\maria\AppData\Local\Programs\MiKTeX\tex/generic/pgf/basiclayer\pgfcor
egraphicstate.code.tex
File: pgfcoregraphicstate.code.tex 2023-01-15 v3.1.10 (3.1.10)
\pgflinewidth=\dimen183
)
(C:\Users\maria\AppData\Local\Programs\MiKTeX\tex/generic/pgf/basiclayer\pgfcor
etransformations.code.tex
File: pgfcoretransformations.code.tex 2023-01-15 v3.1.10 (3.1.10)
\pgf@pt@x=\dimen184
\pgf@pt@y=\dimen185
\pgf@pt@temp=\dimen186
)
(C:\Users\maria\AppData\Local\Programs\MiKTeX\tex/generic/pgf/basiclayer\pgfcor
equick.code.tex
File: pgfcorequick.code.tex 2023-01-15 v3.1.10 (3.1.10)
)
(C:\Users\maria\AppData\Local\Programs\MiKTeX\tex/generic/pgf/basiclayer\pgfcor
eobjects.code.tex
File: pgfcoreobjects.code.tex 2023-01-15 v3.1.10 (3.1.10)
)
(C:\Users\maria\AppData\Local\Programs\MiKTeX\tex/generic/pgf/basiclayer\pgfcor
epathprocessing.code.tex
File: pgfcorepathprocessing.code.tex 2023-01-15 v3.1.10 (3.1.10)
)
(C:\Users\maria\AppData\Local\Programs\MiKTeX\tex/generic/pgf/basiclayer\pgfcor
earrows.code.tex
File: pgfcorearrows.code.tex 2023-01-15 v3.1.10 (3.1.10)
\pgfarrowsep=\dimen187
)
(C:\Users\maria\AppData\Local\Programs\MiKTeX\tex/generic/pgf/basiclayer\pgfcor
eshade.code.tex
File: pgfcoreshade.code.tex 2023-01-15 v3.1.10 (3.1.10)
\pgf@max=\dimen188
\pgf@sys@shading@range@num=\count283
\pgf@shadingcount=\count284
)
(C:\Users\maria\AppData\Local\Programs\MiKTeX\tex/generic/pgf/basiclayer\pgfcor
eimage.code.tex
File: pgfcoreimage.code.tex 2023-01-15 v3.1.10 (3.1.10)
)
(C:\Users\maria\AppData\Local\Programs\MiKTeX\tex/generic/pgf/basiclayer\pgfcor
eexternal.code.tex
File: pgfcoreexternal.code.tex 2023-01-15 v3.1.10 (3.1.10)
\pgfexternal@startupbox=\box58
)
(C:\Users\maria\AppData\Local\Programs\MiKTeX\tex/generic/pgf/basiclayer\pgfcor
elayers.code.tex
File: pgfcorelayers.code.tex 2023-01-15 v3.1.10 (3.1.10)
)
(C:\Users\maria\AppData\Local\Programs\MiKTeX\tex/generic/pgf/basiclayer\pgfcor
etransparency.code.tex
File: pgfcoretransparency.code.tex 2023-01-15 v3.1.10 (3.1.10)
)
(C:\Users\maria\AppData\Local\Programs\MiKTeX\tex/generic/pgf/basiclayer\pgfcor
epatterns.code.tex
File: pgfcorepatterns.code.tex 2023-01-15 v3.1.10 (3.1.10)
)
(C:\Users\maria\AppData\Local\Programs\MiKTeX\tex/generic/pgf/basiclayer\pgfcor
erdf.code.tex
File: pgfcorerdf.code.tex 2023-01-15 v3.1.10 (3.1.10)
)))
(C:\Users\maria\AppData\Local\Programs\MiKTeX\tex/generic/pgf/modules\pgfmodule
shapes.code.tex
File: pgfmoduleshapes.code.tex 2023-01-15 v3.1.10 (3.1.10)
\pgfnodeparttextbox=\box59
)
(C:\Users\maria\AppData\Local\Programs\MiKTeX\tex/generic/pgf/modules\pgfmodule
plot.code.tex
File: pgfmoduleplot.code.tex 2023-01-15 v3.1.10 (3.1.10)
)
(C:\Users\maria\AppData\Local\Programs\MiKTeX\tex/latex/pgf/compatibility\pgfco
mp-version-0-65.sty
Package: pgfcomp-version-0-65 2023-01-15 v3.1.10 (3.1.10)
\pgf@nodesepstart=\dimen189
\pgf@nodesepend=\dimen190
)
(C:\Users\maria\AppData\Local\Programs\MiKTeX\tex/latex/pgf/compatibility\pgfco
mp-version-1-18.sty
Package: pgfcomp-version-1-18 2023-01-15 v3.1.10 (3.1.10)
))
(C:\Users\maria\AppData\Local\Programs\MiKTeX\tex/latex/tools\verbatim.sty
Package: verbatim 2023-11-06 v1.5v LaTeX2e package for verbatim enhancements
\every@verbatim=\toks41
\verbatim@line=\toks42
\verbatim@in@stream=\read3
)
(C:\Users\maria\AppData\Local\Programs\MiKTeX\tex/latex/environ\environ.sty
Package: environ 2014/05/04 v0.3 A new way to define environments

(C:\Users\maria\AppData\Local\Programs\MiKTeX\tex/latex/trimspaces\trimspaces.s
ty
Package: trimspaces 2009/09/17 v1.1 Trim spaces around a token list
))
(C:\Users\maria\AppData\Local\Programs\MiKTeX\tex/latex/etoolbox\etoolbox.sty
Package: etoolbox 2020/10/05 v2.5k e-TeX tools for LaTeX (JAW)
\etb@tempcnta=\count285
)
\tcb@titlebox=\box60
\tcb@upperbox=\box61
\tcb@lowerbox=\box62
\tcb@phantombox=\box63
\c@tcbbreakpart=\count286
\c@tcblayer=\count287
\c@tcolorbox@number=\count288
\l__tcobox_tmpa_box=\box64
\l__tcobox_tmpa_dim=\dimen191
\tcb@temp=\box65
\tcb@temp=\box66
\tcb@temp=\box67
\tcb@temp=\box68

(C:\Users\maria\AppData\Local\Programs\MiKTeX\tex/latex/tcolorbox\tcbraster.cod
e.tex
Library (tcolorbox): 'tcbraster.code.tex' version '6.2.0'
\c@tcbrastercolumn=\count289
\c@tcbrasterrow=\count290
\c@tcbrasternum=\count291
\c@tcbraster=\count292
)
(C:\Users\maria\AppData\Local\Programs\MiKTeX\tex/latex/tcolorbox\tcbskins.code
.tex
Library (tcolorbox): 'tcbskins.code.tex' version '6.2.0'

(C:\Users\maria\AppData\Local\Programs\MiKTeX\tex/latex/pgf/frontendlayer\tikz.
sty
(C:\Users\maria\AppData\Local\Programs\MiKTeX\tex/latex/pgf/utilities\pgffor.st
y
(C:\Users\maria\AppData\Local\Programs\MiKTeX\tex/latex/pgf/utilities\pgfkeys.s
ty
(C:\Users\maria\AppData\Local\Programs\MiKTeX\tex/generic/pgf/utilities\pgfkeys
.code.tex))
(C:\Users\maria\AppData\Local\Programs\MiKTeX\tex/latex/pgf/math\pgfmath.sty
(C:\Users\maria\AppData\Local\Programs\MiKTeX\tex/generic/pgf/math\pgfmath.code
.tex))
(C:\Users\maria\AppData\Local\Programs\MiKTeX\tex/generic/pgf/utilities\pgffor.
code.tex
Package: pgffor 2023-01-15 v3.1.10 (3.1.10)
\pgffor@iter=\dimen192
\pgffor@skip=\dimen193
\pgffor@stack=\toks43
\pgffor@toks=\toks44
))
(C:\Users\maria\AppData\Local\Programs\MiKTeX\tex/generic/pgf/frontendlayer/tik
z\tikz.code.tex
Package: tikz 2023-01-15 v3.1.10 (3.1.10)

(C:\Users\maria\AppData\Local\Programs\MiKTeX\tex/generic/pgf/libraries\pgflibr
aryplothandlers.code.tex
File: pgflibraryplothandlers.code.tex 2023-01-15 v3.1.10 (3.1.10)
\pgf@plot@mark@count=\count293
\pgfplotmarksize=\dimen194
)
\tikz@lastx=\dimen195
\tikz@lasty=\dimen196
\tikz@lastxsaved=\dimen197
\tikz@lastysaved=\dimen198
\tikz@lastmovetox=\dimen199
\tikz@lastmovetoy=\dimen256
\tikzleveldistance=\dimen257
\tikzsiblingdistance=\dimen258
\tikz@figbox=\box69
\tikz@figbox@bg=\box70
\tikz@tempbox=\box71
\tikz@tempbox@bg=\box72
\tikztreelevel=\count294
\tikznumberofchildren=\count295
\tikznumberofcurrentchild=\count296
\tikz@fig@count=\count297

(C:\Users\maria\AppData\Local\Programs\MiKTeX\tex/generic/pgf/modules\pgfmodule
matrix.code.tex
File: pgfmodulematrix.code.tex 2023-01-15 v3.1.10 (3.1.10)
\pgfmatrixcurrentrow=\count298
\pgfmatrixcurrentcolumn=\count299
\pgf@matrix@numberofcolumns=\count300
)
\tikz@expandcount=\count301

(C:\Users\maria\AppData\Local\Programs\MiKTeX\tex/generic/pgf/frontendlayer/tik
z/libraries\tikzlibrarytopaths.code.tex
File: tikzlibrarytopaths.code.tex 2023-01-15 v3.1.10 (3.1.10)
)))
(C:\Users\maria\AppData\Local\Programs\MiKTeX\tex/latex/tikzfill\tikzfill.image
.sty
Package: tikzfill.image 2023/08/08 v1.0.1 Image filling library for TikZ

(C:\Users\maria\AppData\Local\Programs\MiKTeX\tex/latex/tikzfill\tikzfill-commo
n.sty
Package: tikzfill-common 2023/08/08 v1.0.1 Auxiliary code for tikzfill
)
(C:\Users\maria\AppData\Local\Programs\MiKTeX\tex/latex/tikzfill\tikzlibraryfil
l.image.code.tex
File: tikzlibraryfill.image.code.tex 2023/08/08 v1.0.1 Image filling library
\l__tikzfill_img_box=\box73
))
(C:\Users\maria\AppData\Local\Programs\MiKTeX\tex/latex/tcolorbox\tcbskinsjigsa
w.code.tex
Library (tcolorbox): 'tcbskinsjigsaw.code.tex' version '6.2.0'
))
(C:\Users\maria\AppData\Local\Programs\MiKTeX\tex/latex/tcolorbox\tcbbreakable.
code.tex
Library (tcolorbox): 'tcbbreakable.code.tex' version '6.2.0'
(C:\Users\maria\AppData\Local\Programs\MiKTeX\tex/latex/pdfcol\pdfcol.sty
Package: pdfcol 2022-09-21 v1.7 Handle new color stacks for pdfTeX (HO)

(C:\Users\maria\AppData\Local\Programs\MiKTeX\tex/generic/ltxcmds\ltxcmds.sty
Package: ltxcmds 2023-12-04 v1.26 LaTeX kernel commands for general use (HO)
)
(C:\Users\maria\AppData\Local\Programs\MiKTeX\tex/generic/infwarerr\infwarerr.s
ty
Package: infwarerr 2019/12/03 v1.5 Providing info/warning/error messages (HO)
) (C:\Users\maria\AppData\Local\Programs\MiKTeX\tex/generic/iftex\iftex.sty
Package: iftex 2022/02/03 v1.0f TeX engine tests
))
Package pdfcol Info: New color stack `tcb@breakable' = 1 on input line 23.
\tcb@testbox=\box74
\tcb@totalupperbox=\box75
\tcb@totallowerbox=\box76
)
(C:\Users\maria\AppData\Local\Programs\MiKTeX\tex/latex/tcolorbox\tcbhooks.code
.tex
Library (tcolorbox): 'tcbhooks.code.tex' version '6.2.0'
)
(C:\Users\maria\AppData\Local\Programs\MiKTeX\tex/latex/tcolorbox\tcbtheorems.c
ode.tex
Library (tcolorbox): 'tcbtheorems.code.tex' version '6.2.0'
)
(C:\Users\maria\AppData\Local\Programs\MiKTeX\tex/latex/tcolorbox\tcbfitting.co
de.tex
Library (tcolorbox): 'tcbfitting.code.tex' version '6.2.0'
\tcbfitdim=\dimen259
\tcb@lowerfitdim=\dimen260
\tcb@upperfitdim=\dimen261
\tcb@cur@hbadness=\count302
)
(C:\Users\maria\AppData\Local\Programs\MiKTeX\tex/latex/tcolorbox\tcblistingsut
f8.code.tex
Library (tcolorbox): 'tcblistingsutf8.code.tex' version '6.2.0'

(C:\Users\maria\AppData\Local\Programs\MiKTeX\tex/latex/tcolorbox\tcblistings.c
ode.tex
Library (tcolorbox): 'tcblistings.code.tex' version '6.2.0'
(C:\Users\maria\AppData\Local\Programs\MiKTeX\tex/latex/listings\listings.sty
\lst@mode=\count303
\lst@gtempboxa=\box77
\lst@token=\toks45
\lst@length=\count304
\lst@currlwidth=\dimen262
\lst@column=\count305
\lst@pos=\count306
\lst@lostspace=\dimen263
\lst@width=\dimen264
\lst@newlines=\count307
\lst@lineno=\count308
\lst@maxwidth=\dimen265

(C:\Users\maria\AppData\Local\Programs\MiKTeX\tex/latex/listings\lstmisc.sty
File: lstmisc.sty 2023/02/27 1.9 (Carsten Heinz)
\c@lstnumber=\count309
\lst@skipnumbers=\count310
\lst@framebox=\box78
)
(C:\Users\maria\AppData\Local\Programs\MiKTeX\tex/latex/listings\listings.cfg
File: listings.cfg 2023/02/27 1.9 listings configuration
))
Package: listings 2023/02/27 1.9 (Carsten Heinz)

(C:\Users\maria\AppData\Local\Programs\MiKTeX\tex/latex/tcolorbox\tcblistingsco
re.code.tex
Library (tcolorbox): 'tcblistingscore.code.tex' version '6.2.0'

(C:\Users\maria\AppData\Local\Programs\MiKTeX\tex/latex/tcolorbox\tcbprocessing
.code.tex
Library (tcolorbox): 'tcbprocessing.code.tex' version '6.2.0'
)
\c@tcblisting=\count311
))
(C:\Users\maria\AppData\Local\Programs\MiKTeX\tex/latex/listingsutf8\listingsut
f8.sty
Package: listingsutf8 2019-12-10 v1.5 Allow UTF-8 in listings input (HO)

(C:\Users\maria\AppData\Local\Programs\MiKTeX\tex/generic/pdftexcmds\pdftexcmds
.sty
Package: pdftexcmds 2020-06-27 v0.33 Utility functions of pdfTeX for LuaTeX (HO
)
Package pdftexcmds Info: \pdf@primitive is available.
Package pdftexcmds Info: \pdf@ifprimitive is available.
Package pdftexcmds Info: \pdfdraftmode found.
)
(C:\Users\maria\AppData\Local\Programs\MiKTeX\tex/generic/stringenc\stringenc.s
ty
Package: stringenc 2019/11/29 v1.12 Convert strings between diff. encodings (HO
)

(C:\Users\maria\AppData\Local\Programs\MiKTeX\tex/generic/pdfescape\pdfescape.s
ty
Package: pdfescape 2019/12/09 v1.15 Implements pdfTeX's escape features (HO)
))))
(C:\Users\maria\AppData\Local\Programs\MiKTeX\tex/latex/tcolorbox\tcbexternal.c
ode.tex
Library (tcolorbox): 'tcbexternal.code.tex' version '6.2.0'
)
(C:\Users\maria\AppData\Local\Programs\MiKTeX\tex/latex/tcolorbox\tcbmagazine.c
ode.tex
Library (tcolorbox): 'tcbmagazine.code.tex' version '6.2.0'
)
(C:\Users\maria\AppData\Local\Programs\MiKTeX\tex/latex/tcolorbox\tcbvignette.c
ode.tex
Library (tcolorbox): 'tcbvignette.code.tex' version '6.2.0'

(C:\Users\maria\AppData\Local\Programs\MiKTeX\tex/generic/pgf/frontendlayer/tik
z/libraries\tikzlibraryfadings.code.tex
File: tikzlibraryfadings.code.tex 2023-01-15 v3.1.10 (3.1.10)

(C:\Users\maria\AppData\Local\Programs\MiKTeX\tex/generic/pgf/libraries\pgflibr
aryfadings.code.tex
File: pgflibraryfadings.code.tex 2023-01-15 v3.1.10 (3.1.10)
)))
(C:\Users\maria\AppData\Local\Programs\MiKTeX\tex/latex/tcolorbox\tcbposter.cod
e.tex
Library (tcolorbox): 'tcbposter.code.tex' version '6.2.0'
)) (C:\Users\maria\AppData\Local\Programs\MiKTeX\tex/latex/physics\physics.sty
Package: physics 

(C:\Users\maria\AppData\Local\Programs\MiKTeX\tex/latex/l3packages/xparse\xpars
e.sty
(C:\Users\maria\AppData\Local\Programs\MiKTeX\tex/latex/l3kernel\expl3.sty
Package: expl3 2024-01-04 L3 programming layer (loader) 

(C:\Users\maria\AppData\Local\Programs\MiKTeX\tex/latex/l3backend\l3backend-pdf
tex.def
File: l3backend-pdftex.def 2024-01-04 L3 backend support: PDF output (pdfTeX)
\l__color_backend_stack_int=\count312
\l__pdf_internal_box=\box79
))
Package: xparse 2023-10-10 L3 Experimental document command parser
))
(C:\Users\maria\AppData\Local\Programs\MiKTeX\tex/latex/enumitem\enumitem.sty
Package: enumitem 2025/02/06 v3.11 Customized lists
\labelindent=\skip56
\enit@outerparindent=\dimen266
\enit@toks=\toks46
\enit@inbox=\box80
\enit@count@id=\count313
\enitdp@description=\count314
)
(C:\Users\maria\AppData\Local\Programs\MiKTeX\tex/latex/caption\caption.sty
Package: caption 2023/08/05 v3.6o Customizing captions (AR)

(C:\Users\maria\AppData\Local\Programs\MiKTeX\tex/latex/caption\caption3.sty
Package: caption3 2023/07/31 v2.4d caption3 kernel (AR)
\caption@tempdima=\dimen267
\captionmargin=\dimen268
\caption@leftmargin=\dimen269
\caption@rightmargin=\dimen270
\caption@width=\dimen271
\caption@indent=\dimen272
\caption@parindent=\dimen273
\caption@hangindent=\dimen274
Package caption Info: Standard document class detected.
)
\c@caption@flags=\count315
\c@continuedfloat=\count316
Package caption Info: listings package is loaded.
)
(C:\Users\maria\AppData\Local\Programs\MiKTeX\tex/latex/hyperref\hyperref.sty
Package: hyperref 2023-11-26 v7.01g Hypertext links for LaTeX

(C:\Users\maria\AppData\Local\Programs\MiKTeX\tex/latex/kvsetkeys\kvsetkeys.sty
Package: kvsetkeys 2022-10-05 v1.19 Key value parser (HO)
)
(C:\Users\maria\AppData\Local\Programs\MiKTeX\tex/generic/kvdefinekeys\kvdefine
keys.sty
Package: kvdefinekeys 2019-12-19 v1.6 Define keys (HO)
)
(C:\Users\maria\AppData\Local\Programs\MiKTeX\tex/latex/hycolor\hycolor.sty
Package: hycolor 2020-01-27 v1.10 Color options for hyperref/bookmark (HO)
)
(C:\Users\maria\AppData\Local\Programs\MiKTeX\tex/latex/letltxmacro\letltxmacro
.sty
Package: letltxmacro 2019/12/03 v1.6 Let assignment for LaTeX macros (HO)
)
(C:\Users\maria\AppData\Local\Programs\MiKTeX\tex/latex/auxhook\auxhook.sty
Package: auxhook 2019-12-17 v1.6 Hooks for auxiliary files (HO)
)
(C:\Users\maria\AppData\Local\Programs\MiKTeX\tex/latex/hyperref\nameref.sty
Package: nameref 2023-11-26 v2.56 Cross-referencing by name of section

(C:\Users\maria\AppData\Local\Programs\MiKTeX\tex/latex/refcount\refcount.sty
Package: refcount 2019/12/15 v3.6 Data extraction from label references (HO)
)
(C:\Users\maria\AppData\Local\Programs\MiKTeX\tex/generic/gettitlestring\gettit
lestring.sty
Package: gettitlestring 2019/12/15 v1.6 Cleanup title references (HO)

(C:\Users\maria\AppData\Local\Programs\MiKTeX\tex/latex/kvoptions\kvoptions.sty
Package: kvoptions 2022-06-15 v3.15 Key value format for package options (HO)
))
\c@section@level=\count317
)
\@linkdim=\dimen275
\Hy@linkcounter=\count318
\Hy@pagecounter=\count319
 (C:\Users\maria\AppData\Local\Programs\MiKTeX\tex/latex/hyperref\pd1enc.def
File: pd1enc.def 2023-11-26 v7.01g Hyperref: PDFDocEncoding definition (HO)
Now handling font encoding PD1 ...
... no UTF-8 mapping file for font encoding PD1
) (C:\Users\maria\AppData\Local\Programs\MiKTeX\tex/generic/intcalc\intcalc.sty
Package: intcalc 2019/12/15 v1.3 Expandable calculations with integers (HO)
)
\Hy@SavedSpaceFactor=\count320
 (C:\Users\maria\AppData\Local\Programs\MiKTeX\tex/latex/hyperref\puenc.def
File: puenc.def 2023-11-26 v7.01g Hyperref: PDF Unicode definition (HO)
Now handling font encoding PU ...
... no UTF-8 mapping file for font encoding PU
)
Package hyperref Info: Hyper figures OFF on input line 4181.
Package hyperref Info: Link nesting OFF on input line 4186.
Package hyperref Info: Hyper index ON on input line 4189.
Package hyperref Info: Plain pages OFF on input line 4196.
Package hyperref Info: Backreferencing OFF on input line 4201.
Package hyperref Info: Implicit mode ON; LaTeX internals redefined.
Package hyperref Info: Bookmarks ON on input line 4448.
\c@Hy@tempcnt=\count321

(C:\Users\maria\AppData\Local\Programs\MiKTeX\tex/latex/url\url.sty
\Urlmuskip=\muskip17
Package: url 2013/09/16  ver 3.4  Verb mode for urls, etc.
)
LaTeX Info: Redefining \url on input line 4786.
\XeTeXLinkMargin=\dimen276

(C:\Users\maria\AppData\Local\Programs\MiKTeX\tex/generic/bitset\bitset.sty
Package: bitset 2019/12/09 v1.3 Handle bit-vector datatype (HO)

(C:\Users\maria\AppData\Local\Programs\MiKTeX\tex/generic/bigintcalc\bigintcalc
.sty
Package: bigintcalc 2019/12/15 v1.5 Expandable calculations on big integers (HO
)
))
\Fld@menulength=\count322
\Field@Width=\dimen277
\Fld@charsize=\dimen278
Package hyperref Info: Hyper figures OFF on input line 6065.
Package hyperref Info: Link nesting OFF on input line 6070.
Package hyperref Info: Hyper index ON on input line 6073.
Package hyperref Info: backreferencing OFF on input line 6080.
Package hyperref Info: Link coloring OFF on input line 6085.
Package hyperref Info: Link coloring with OCG OFF on input line 6090.
Package hyperref Info: PDF/A mode OFF on input line 6095.

(C:\Users\maria\AppData\Local\Programs\MiKTeX\tex/latex/base\atbegshi-ltx.sty
Package: atbegshi-ltx 2021/01/10 v1.0c Emulation of the original atbegshi
package with kernel methods
)
\Hy@abspage=\count323
\c@Item=\count324
\c@Hfootnote=\count325
)
Package hyperref Info: Driver (autodetected): hpdftex.
(C:\Users\maria\AppData\Local\Programs\MiKTeX\tex/latex/hyperref\hpdftex.def
File: hpdftex.def 2023-11-26 v7.01g Hyperref driver for pdfTeX

(C:\Users\maria\AppData\Local\Programs\MiKTeX\tex/latex/base\atveryend-ltx.sty
Package: atveryend-ltx 2020/08/19 v1.0a Emulation of the original atveryend pac
kage
with kernel methods
)
\Fld@listcount=\count326
\c@bookmark@seq@number=\count327

(C:\Users\maria\AppData\Local\Programs\MiKTeX\tex/latex/rerunfilecheck\rerunfil
echeck.sty
Package: rerunfilecheck 2025-06-21 v1.11 Rerun checks for auxiliary files (HO)

(C:\Users\maria\AppData\Local\Programs\MiKTeX\tex/generic/uniquecounter\uniquec
ounter.sty
Package: uniquecounter 2019/12/15 v1.4 Provide unlimited unique counter (HO)
)
Package uniquecounter Info: New unique counter `rerunfilecheck' on input line 2
84.
)
\Hy@SectionHShift=\skip57
)
(C:\Users\maria\AppData\Local\Programs\MiKTeX\tex/latex/geometry\geometry.sty
Package: geometry 2020/01/02 v5.9 Page Geometry

(C:\Users\maria\AppData\Local\Programs\MiKTeX\tex/generic/iftex\ifvtex.sty
Package: ifvtex 2019/10/25 v1.7 ifvtex legacy package. Use iftex instead.
)
\Gm@cnth=\count328
\Gm@cntv=\count329
\c@Gm@tempcnt=\count330
\Gm@bindingoffset=\dimen279
\Gm@wd@mp=\dimen280
\Gm@odd@mp=\dimen281
\Gm@even@mp=\dimen282
\Gm@layoutwidth=\dimen283
\Gm@layoutheight=\dimen284
\Gm@layouthoffset=\dimen285
\Gm@layoutvoffset=\dimen286
\Gm@dimlist=\toks47

(C:\Users\maria\AppData\Local\Programs\MiKTeX\tex/latex/geometry\geometry.cfg))

(C:\Users\maria\AppData\Local\Programs\MiKTeX\tex/latex/mathtools\mathtools.sty
Package: mathtools 2024/10/04 v1.31 mathematical typesetting tools
(C:\Users\maria\AppData\Local\Programs\MiKTeX\tex/latex/tools\calc.sty
Package: calc 2023/07/08 v4.3 Infix arithmetic (KKT,FJ)
\calc@Acount=\count331
\calc@Bcount=\count332
\calc@Adimen=\dimen287
\calc@Bdimen=\dimen288
\calc@Askip=\skip58
\calc@Bskip=\skip59
LaTeX Info: Redefining \setlength on input line 80.
LaTeX Info: Redefining \addtolength on input line 81.
\calc@Ccount=\count333
\calc@Cskip=\skip60
)
(C:\Users\maria\AppData\Local\Programs\MiKTeX\tex/latex/mathtools\mhsetup.sty
Package: mhsetup 2021/03/18 v1.4 programming setup (MH)
)
\g_MT_multlinerow_int=\count334
\l_MT_multwidth_dim=\dimen289
\origjot=\skip61
\l_MT_shortvdotswithinadjustabove_dim=\dimen290
\l_MT_shortvdotswithinadjustbelow_dim=\dimen291
\l_MT_above_intertext_sep=\dimen292
\l_MT_below_intertext_sep=\dimen293
\l_MT_above_shortintertext_sep=\dimen294
\l_MT_below_shortintertext_sep=\dimen295
\xmathstrut@box=\box81
\xmathstrut@dim=\dimen296
)
\c@teorema=\count335
\c@definicao=\count336
\c@exemplo=\count337
) (C:\Users\maria\AppData\Local\Programs\MiKTeX\tex/latex/subfiles\subfiles.sty
Package: subfiles 2020/11/14 v2.2 Multi-file projects (package)
(C:\Users\maria\AppData\Local\Programs\MiKTeX\tex/latex/import\import.sty
Package: import 2020/04/01  v 6.2
))
(main.aux)
\openout1 = `main.aux'.

LaTeX Font Info:    Checking defaults for OML/cmm/m/it on input line 10.
LaTeX Font Info:    ... okay on input line 10.
LaTeX Font Info:    Checking defaults for OMS/cmsy/m/n on input line 10.
LaTeX Font Info:    ... okay on input line 10.
LaTeX Font Info:    Checking defaults for OT1/cmr/m/n on input line 10.
LaTeX Font Info:    ... okay on input line 10.
LaTeX Font Info:    Checking defaults for T1/cmr/m/n on input line 10.
LaTeX Font Info:    ... okay on input line 10.
LaTeX Font Info:    Checking defaults for TS1/cmr/m/n on input line 10.
LaTeX Font Info:    ... okay on input line 10.
LaTeX Font Info:    Checking defaults for OMX/cmex/m/n on input line 10.
LaTeX Font Info:    ... okay on input line 10.
LaTeX Font Info:    Checking defaults for U/cmr/m/n on input line 10.
LaTeX Font Info:    ... okay on input line 10.
LaTeX Font Info:    Checking defaults for PD1/pdf/m/n on input line 10.
LaTeX Font Info:    ... okay on input line 10.
LaTeX Font Info:    Checking defaults for PU/pdf/m/n on input line 10.
LaTeX Font Info:    ... okay on input line 10.

(C:\Users\maria\AppData\Local\Programs\MiKTeX\tex/context/base/mkii\supp-pdf.mk
ii
[Loading MPS to PDF converter (version 2006.09.02).]
\scratchcounter=\count338
\scratchdimen=\dimen297
\scratchbox=\box82
\nofMPsegments=\count339
\nofMParguments=\count340
\everyMPshowfont=\toks48
\MPscratchCnt=\count341
\MPscratchDim=\dimen298
\MPnumerator=\count342
\makeMPintoPDFobject=\count343
\everyMPtoPDFconversion=\toks49
)
(C:\Users\maria\AppData\Local\Programs\MiKTeX\tex/latex/epstopdf-pkg\epstopdf-b
ase.sty
Package: epstopdf-base 2020-01-24 v2.11 Base part for package epstopdf
Package epstopdf-base Info: Redefining graphics rule for `.eps' on input line 4
85.

(C:\Users\maria\AppData\Local\Programs\MiKTeX\tex/latex/00miktex\epstopdf-sys.c
fg
File: epstopdf-sys.cfg 2021/03/18 v2.0 Configuration of epstopdf for MiKTeX
))
\c@lstlisting=\count344
Package caption Info: Begin \AtBeginDocument code.
Package caption Info: hyperref package is loaded.
Package caption Info: End \AtBeginDocument code.
Package hyperref Info: Link coloring OFF on input line 10.
 (main.out) (main.out)
\@outlinefile=\write4
\openout4 = `main.out'.


*geometry* driver: auto-detecting
*geometry* detected driver: pdftex
*geometry* verbose mode - [ preamble ] result:
* driver: pdftex
* paper: a4paper
* layout: <same size as paper>
* layoutoffset:(h,v)=(0.0pt,0.0pt)
* modes: 
* h-part:(L,W,R)=(71.13188pt, 455.24411pt, 71.13188pt)
* v-part:(T,H,B)=(71.13188pt, 702.78308pt, 71.13188pt)
* \paperwidth=597.50787pt
* \paperheight=845.04684pt
* \textwidth=455.24411pt
* \textheight=702.78308pt
* \oddsidemargin=-1.1381pt
* \evensidemargin=-1.1381pt
* \topmargin=-38.1381pt
* \headheight=12.0pt
* \headsep=25.0pt
* \topskip=12.0pt
* \footskip=30.0pt
* \marginparwidth=35.0pt
* \marginparsep=10.0pt
* \columnsep=10.0pt
* \skip\footins=10.8pt plus 4.0pt minus 2.0pt
* \hoffset=0.0pt
* \voffset=0.0pt
* \mag=1000
* \@twocolumnfalse
* \@twosidefalse
* \@mparswitchfalse
* \@reversemarginfalse
* (1in=72.27pt=25.4mm, 1cm=28.453pt)

LaTeX Font Info:    Trying to load font information for U+msa on input line 13.

(C:\Users\maria\AppData\Local\Programs\MiKTeX\tex/latex/amsfonts\umsa.fd
File: umsa.fd 2013/01/14 v3.01 AMS symbols A
)
LaTeX Font Info:    Trying to load font information for U+msb on input line 13.


(C:\Users\maria\AppData\Local\Programs\MiKTeX\tex/latex/amsfonts\umsb.fd
File: umsb.fd 2013/01/14 v3.01 AMS symbols B
)
(main.toc)
\tf@toc=\write5
\openout5 = `main.toc'.

 [1

{C:/Users/maria/AppData/Local/MiKTeX/fonts/map/pdftex/pdftex.map}] (listas/list
a01.tex) (listas/lista02.tex [2] [3] [4]
<imagens/lista02/picture_lista02_q06_item01.png, id=132, 1410.26875pt x 526.968
75pt>
File: imagens/lista02/picture_lista02_q06_item01.png Graphic file (type png)
<use imagens/lista02/picture_lista02_q06_item01.png>
Package pdftex.def Info: imagens/lista02/picture_lista02_q06_item01.png  used o
n input line 196.
(pdftex.def)             Requested size: 212.99571pt x 79.58867pt.


Package caption Warning: The option `hypcap=true' will be ignored for this
(caption)                particular \caption on input line 197.
See the caption package documentation for explanation.

<imagens/lista02/picture_lista02_q06_item02.png, id=134, 1410.26875pt x 526.968
75pt>
File: imagens/lista02/picture_lista02_q06_item02.png Graphic file (type png)
<use imagens/lista02/picture_lista02_q06_item02.png>
Package pdftex.def Info: imagens/lista02/picture_lista02_q06_item02.png  used o
n input line 201.
(pdftex.def)             Requested size: 212.99571pt x 79.58867pt.

Package caption Warning: The option `hypcap=true' will be ignored for this
(caption)                particular \caption on input line 202.
See the caption package documentation for explanation.

[5]
Underfull \hbox (badness 7116) in paragraph at lines 230--231
[]\T1/cmr/bx/n/12 Comprimento de arco: $\OMS/cmsy/m/n/12 L[]\OT1/cmr/m/n/12 (\O
ML/cmm/m/it/12 \OT1/cmr/m/n/12 ) = [][] [] \OML/cmm/m/it/12 dt \OT1/cmr/m/n/12
 =
 []


Underfull \hbox (badness 1314) in paragraph at lines 259--260
[]$\OMS/cmsy/m/n/12 ) k\OML/cmm/m/it/12 []\OT1/cmr/m/n/12 (\OML/cmm/m/it/12 t\
OT1/cmr/m/n/12 )\OMS/cmsy/m/n/12 k[] \OT1/cmr/m/n/12 = [][](\OML/cmm/m/it/12 t\
OT1/cmr/m/n/12 ) \OMS/cmsy/m/n/12 ^^@ \OT1/cmr/m/n/12 4 [][][] [][][] + 4 [][](
2\OML/cmm/m/it/12 t\OT1/cmr/m/n/12 ) + 4 [][](2\OML/cmm/m/it/12 t\OT1/cmr/m/n/1
2 ) \OMS/cmsy/m/n/12 ^^@
 []


Underfull \hbox (badness 10000) in paragraph at lines 266--267
[]\T1/cmr/bx/n/12 Comprimento de arco: $\OMS/cmsy/m/n/12 L[]\OT1/cmr/m/n/12 (\O
ML/cmm/m/it/12 \OT1/cmr/m/n/12 ) = [][] [] \OML/cmm/m/it/12 dt \OT1/cmr/m/n/12
 =
 []


Underfull \hbox (badness 2941) in paragraph at lines 291--292
[]\T1/cmr/bx/n/12 Comprimento de arco: $\OMS/cmsy/m/n/12 L[]\OT1/cmr/m/n/12 (\O
ML/cmm/m/it/12 \OT1/cmr/m/n/12 ) = [][] [] \OML/cmm/m/it/12 dt \OT1/cmr/m/n/12
 =
 []

[6 <./imagens/lista02/picture_lista02_q06_item01.png> <./imagens/lista02/pictur
e_lista02_q06_item02.png>] [7] [8] [9]
<imagens/lista02/picture_lista02_q09.png, id=171, 1410.26875pt x 526.96875pt>
File: imagens/lista02/picture_lista02_q09.png Graphic file (type png)
<use imagens/lista02/picture_lista02_q09.png>
Package pdftex.def Info: imagens/lista02/picture_lista02_q09.png  used on input
 line 420.
(pdftex.def)             Requested size: 212.99571pt x 79.58867pt.


Package caption Warning: The option `hypcap=true' will be ignored for this
(caption)                particular \caption on input line 421.
See the caption package documentation for explanation.

<imagens/lista02/picture_lista02_q13_item01.png, id=172, 1410.26875pt x 526.968
75pt>
File: imagens/lista02/picture_lista02_q13_item01.png Graphic file (type png)
<use imagens/lista02/picture_lista02_q13_item01.png>
Package pdftex.def Info: imagens/lista02/picture_lista02_q13_item01.png  used o
n input line 438.
(pdftex.def)             Requested size: 212.99571pt x 79.58867pt.

Package caption Warning: The option `hypcap=true' will be ignored for this
(caption)                particular \caption on input line 439.
See the caption package documentation for explanation.

<imagens/lista02/picture_lista02_q13_item02.png, id=173, 1410.26875pt x 526.968
75pt>
File: imagens/lista02/picture_lista02_q13_item02.png Graphic file (type png)
<use imagens/lista02/picture_lista02_q13_item02.png>
Package pdftex.def Info: imagens/lista02/picture_lista02_q13_item02.png  used o
n input line 442.
(pdftex.def)             Requested size: 212.99571pt x 79.58867pt.

Package caption Warning: The option `hypcap=true' will be ignored for this
(caption)                particular \caption on input line 443.
See the caption package documentation for explanation.

[10 <./imagens/lista02/picture_lista02_q09.png> <./imagens/lista02/picture_list
a02_q13_item01.png> <./imagens/lista02/picture_lista02_q13_item02.png>]

LaTeX Font Warning: Command \tiny invalid in math mode on input line 494.


LaTeX Font Warning: Command \tiny invalid in math mode on input line 494.


LaTeX Font Warning: Command \tiny invalid in math mode on input line 494.

) (listas/lista03.tex [11]
(C:\Users\maria\AppData\Local\Programs\MiKTeX\tex/latex/listings\lstlang1.sty
File: lstlang1.sty 2023/02/27 1.9 listings language file
)
Package hyperref Info: bookmark level for unknown lstlisting defaults to 0 on i
nput line 21.
LaTeX Font Info:    Trying to load font information for T1+cmtt on input line 2
1.

(C:\Users\maria\AppData\Local\Programs\MiKTeX\tex/latex/base\t1cmtt.fd
File: t1cmtt.fd 2023/04/13 v2.5m Standard LaTeX font definitions
)
<imagens/lista03/picture_lista03_q01_item01.png, id=195, 376.40625pt x 376.4062
5pt>
File: imagens/lista03/picture_lista03_q01_item01.png Graphic file (type png)
<use imagens/lista03/picture_lista03_q01_item01.png>
Package pdftex.def Info: imagens/lista03/picture_lista03_q01_item01.png  used o
n input line 53.
(pdftex.def)             Requested size: 191.69484pt x 191.70044pt.


Package caption Warning: The option `hypcap=true' will be ignored for this
(caption)                particular \caption on input line 54.
See the caption package documentation for explanation.

<imagens/lista03/picture_lista03_q01_item01_02.jpg, id=196, 444.91219pt x 442.6
5375pt>
File: imagens/lista03/picture_lista03_q01_item01_02.jpg Graphic file (type jpg)

<use imagens/lista03/picture_lista03_q01_item01_02.jpg>
Package pdftex.def Info: imagens/lista03/picture_lista03_q01_item01_02.jpg  use
d on input line 60.
(pdftex.def)             Requested size: 191.69484pt x 190.72238pt.

Package caption Warning: The option `hypcap=true' will be ignored for this
(caption)                particular \caption on input line 61.
See the caption package documentation for explanation.

<imagens/lista03/picture_lista03_q01_item02.png, id=197, 525.46312pt x 376.4062
5pt>
File: imagens/lista03/picture_lista03_q01_item02.png Graphic file (type png)
<use imagens/lista03/picture_lista03_q01_item02.png>
Package pdftex.def Info: imagens/lista03/picture_lista03_q01_item02.png  used o
n input line 69.
(pdftex.def)             Requested size: 191.69484pt x 137.31534pt.

Package caption Warning: The option `hypcap=true' will be ignored for this
(caption)                particular \caption on input line 70.
See the caption package documentation for explanation.

<imagens/lista03/picture_lista03_q01_item02_02.jpg, id=198, 356.0803pt x 353.82
187pt>
File: imagens/lista03/picture_lista03_q01_item02_02.jpg Graphic file (type jpg)

<use imagens/lista03/picture_lista03_q01_item02_02.jpg>
Package pdftex.def Info: imagens/lista03/picture_lista03_q01_item02_02.jpg  use
d on input line 76.
(pdftex.def)             Requested size: 191.69484pt x 190.47787pt.

Package caption Warning: The option `hypcap=true' will be ignored for this
(caption)                particular \caption on input line 77.
See the caption package documentation for explanation.

<imagens/lista03/picture_lista03_q01_item03.png, id=199, 376.40625pt x 376.4062
5pt>
File: imagens/lista03/picture_lista03_q01_item03.png Graphic file (type png)
<use imagens/lista03/picture_lista03_q01_item03.png>
Package pdftex.def Info: imagens/lista03/picture_lista03_q01_item03.png  used o
n input line 85.
(pdftex.def)             Requested size: 191.69484pt x 191.70044pt.

Package caption Warning: The option `hypcap=true' will be ignored for this
(caption)                particular \caption on input line 86.
See the caption package documentation for explanation.

<imagens/lista03/picture_lista03_q01_item03_02.jpg, id=200, 356.0803pt x 353.82
187pt>
File: imagens/lista03/picture_lista03_q01_item03_02.jpg Graphic file (type jpg)

<use imagens/lista03/picture_lista03_q01_item03_02.jpg>
Package pdftex.def Info: imagens/lista03/picture_lista03_q01_item03_02.jpg  use
d on input line 92.
(pdftex.def)             Requested size: 191.69484pt x 190.47787pt.

Package caption Warning: The option `hypcap=true' will be ignored for this
(caption)                particular \caption on input line 93.
See the caption package documentation for explanation.

<imagens/lista03/picture_lista03_q01_item04.png, id=201, 376.40625pt x 376.4062
5pt>
File: imagens/lista03/picture_lista03_q01_item04.png Graphic file (type png)
<use imagens/lista03/picture_lista03_q01_item04.png>
Package pdftex.def Info: imagens/lista03/picture_lista03_q01_item04.png  used o
n input line 107.
(pdftex.def)             Requested size: 127.79872pt x 127.79837pt.

Package caption Warning: The option `hypcap=true' will be ignored for this
(caption)                particular \caption on input line 108.
See the caption package documentation for explanation.

<imagens/lista03/picture_lista03_q01_item05.png, id=202, 376.40625pt x 376.4062
5pt>
File: imagens/lista03/picture_lista03_q01_item05.png Graphic file (type png)
<use imagens/lista03/picture_lista03_q01_item05.png>
Package pdftex.def Info: imagens/lista03/picture_lista03_q01_item05.png  used o
n input line 112.
(pdftex.def)             Requested size: 127.79872pt x 127.79837pt.

Package caption Warning: The option `hypcap=true' will be ignored for this
(caption)                particular \caption on input line 113.
See the caption package documentation for explanation.

<imagens/lista03/picture_lista03_q01_item06.png, id=203, 376.40625pt x 376.4062
5pt>
File: imagens/lista03/picture_lista03_q01_item06.png Graphic file (type png)
<use imagens/lista03/picture_lista03_q01_item06.png>
Package pdftex.def Info: imagens/lista03/picture_lista03_q01_item06.png  used o
n input line 117.
(pdftex.def)             Requested size: 127.79872pt x 127.79837pt.

Package caption Warning: The option `hypcap=true' will be ignored for this
(caption)                particular \caption on input line 118.
See the caption package documentation for explanation.

[12] [13 <./imagens/lista03/picture_lista03_q01_item01.png> <./imagens/lista03/
picture_lista03_q01_item01_02.jpg> <./imagens/lista03/picture_lista03_q01_item0
2.png> <./imagens/lista03/picture_lista03_q01_item02_02.jpg>] [14 <./imagens/li
sta03/picture_lista03_q01_item03.png> <./imagens/lista03/picture_lista03_q01_it
em03_02.jpg> <./imagens/lista03/picture_lista03_q01_item04.png> <./imagens/list
a03/picture_lista03_q01_item05.png>]
<imagens/lista03/picture_lista03_q02_item01.png, id=265, 377.15906pt x 376.4062
5pt>
File: imagens/lista03/picture_lista03_q02_item01.png Graphic file (type png)
<use imagens/lista03/picture_lista03_q02_item01.png>
Package pdftex.def Info: imagens/lista03/picture_lista03_q02_item01.png  used o
n input line 159.
(pdftex.def)             Requested size: 127.79872pt x 127.53992pt.


Package caption Warning: The option `hypcap=true' will be ignored for this
(caption)                particular \caption on input line 160.
See the caption package documentation for explanation.

<imagens/lista03/picture_lista03_q02_item02.png, id=266, 377.91188pt x 376.4062
5pt>
File: imagens/lista03/picture_lista03_q02_item02.png Graphic file (type png)
<use imagens/lista03/picture_lista03_q02_item02.png>
Package pdftex.def Info: imagens/lista03/picture_lista03_q02_item02.png  used o
n input line 164.
(pdftex.def)             Requested size: 127.79872pt x 127.2872pt.

Package caption Warning: The option `hypcap=true' will be ignored for this
(caption)                particular \caption on input line 165.
See the caption package documentation for explanation.

[15 <./imagens/lista03/picture_lista03_q01_item06.png>]
<imagens/lista03/picture_lista03_q03_item01.png, id=289, 345.08925pt x 347.4982
5pt>
File: imagens/lista03/picture_lista03_q03_item01.png Graphic file (type png)
<use imagens/lista03/picture_lista03_q03_item01.png>
Package pdftex.def Info: imagens/lista03/picture_lista03_q03_item01.png  used o
n input line 190.
(pdftex.def)             Requested size: 127.79872pt x 128.68898pt.


Package caption Warning: The option `hypcap=true' will be ignored for this
(caption)                particular \caption on input line 191.
See the caption package documentation for explanation.

<imagens/lista03/picture_lista03_q03_item02.png, id=290, 318.59026pt x 254.1495
pt>
File: imagens/lista03/picture_lista03_q03_item02.png Graphic file (type png)
<use imagens/lista03/picture_lista03_q03_item02.png>
Package pdftex.def Info: imagens/lista03/picture_lista03_q03_item02.png  used o
n input line 195.
(pdftex.def)             Requested size: 127.79872pt x 101.94884pt.

Package caption Warning: The option `hypcap=true' will be ignored for this
(caption)                particular \caption on input line 196.
See the caption package documentation for explanation.

[16 <./imagens/lista03/picture_lista03_q02_item01.png> <./imagens/lista03/pictu
re_lista03_q02_item02.png>]
<imagens/lista03/picture_lista03_q04.jpg, id=299, 377.15906pt x 376.40625pt>
File: imagens/lista03/picture_lista03_q04.jpg Graphic file (type jpg)
<use imagens/lista03/picture_lista03_q04.jpg>
Package pdftex.def Info: imagens/lista03/picture_lista03_q04.jpg  used on input
 line 210.
(pdftex.def)             Requested size: 127.79872pt x 127.53992pt.


Package caption Warning: The option `hypcap=true' will be ignored for this
(caption)                particular \caption on input line 211.
See the caption package documentation for explanation.

<imagens/lista03/picture_lista03_q04.png.jpg, id=300, 356.0803pt x 353.82187pt>

File: imagens/lista03/picture_lista03_q04.png.jpg Graphic file (type jpg)
<use imagens/lista03/picture_lista03_q04.png.jpg>
Package pdftex.def Info: imagens/lista03/picture_lista03_q04.png.jpg  used on i
nput line 215.
(pdftex.def)             Requested size: 127.79872pt x 126.98705pt.

Package caption Warning: The option `hypcap=true' will be ignored for this
(caption)                particular \caption on input line 216.
See the caption package documentation for explanation.

[17 <./imagens/lista03/picture_lista03_q03_item01.png> <./imagens/lista03/pictu
re_lista03_q03_item02.png>]
<imagens/lista03/picture_lista03.02_q01_item01.png, id=309, 341.8371pt x 339.66
9pt>
File: imagens/lista03/picture_lista03.02_q01_item01.png Graphic file (type png)

<use imagens/lista03/picture_lista03.02_q01_item01.png>
Package pdftex.def Info: imagens/lista03/picture_lista03.02_q01_item01.png  use
d on input line 229.
(pdftex.def)             Requested size: 106.49785pt x 105.81976pt.


Package caption Warning: The option `hypcap=true' will be ignored for this
(caption)                particular \caption on input line 230.
See the caption package documentation for explanation.

<imagens/lista03/picture_lista03.02_q01_item02.png, id=310, 427.8384pt x 339.66
9pt>
File: imagens/lista03/picture_lista03.02_q01_item02.png Graphic file (type png)

<use imagens/lista03/picture_lista03.02_q01_item02.png>
Package pdftex.def Info: imagens/lista03/picture_lista03.02_q01_item02.png  use
d on input line 234.
(pdftex.def)             Requested size: 106.49785pt x 84.54904pt.

Package caption Warning: The option `hypcap=true' will be ignored for this
(caption)                particular \caption on input line 235.
See the caption package documentation for explanation.

<imagens/lista03/picture_lista03.02_q01_item03.png, id=311, 341.8371pt x 339.66
9pt>
File: imagens/lista03/picture_lista03.02_q01_item03.png Graphic file (type png)

<use imagens/lista03/picture_lista03.02_q01_item03.png>
Package pdftex.def Info: imagens/lista03/picture_lista03.02_q01_item03.png  use
d on input line 239.
(pdftex.def)             Requested size: 106.49785pt x 105.81976pt.

Package caption Warning: The option `hypcap=true' will be ignored for this
(caption)                particular \caption on input line 240.
See the caption package documentation for explanation.

<imagens/lista03/picture_lista03.02_q01_item04.png, id=312, 341.8371pt x 339.66
9pt>
File: imagens/lista03/picture_lista03.02_q01_item04.png Graphic file (type png)

<use imagens/lista03/picture_lista03.02_q01_item04.png>
Package pdftex.def Info: imagens/lista03/picture_lista03.02_q01_item04.png  use
d on input line 244.
(pdftex.def)             Requested size: 106.49785pt x 105.81976pt.

Package caption Warning: The option `hypcap=true' will be ignored for this
(caption)                particular \caption on input line 245.
See the caption package documentation for explanation.

<imagens/lista03/picture_lista03.02_q01_item05.png, id=313, 332.442pt x 338.223
6pt>
File: imagens/lista03/picture_lista03.02_q01_item05.png Graphic file (type png)

<use imagens/lista03/picture_lista03.02_q01_item05.png>
Package pdftex.def Info: imagens/lista03/picture_lista03.02_q01_item05.png  use
d on input line 249.
(pdftex.def)             Requested size: 106.49785pt x 108.3473pt.

Package caption Warning: The option `hypcap=true' will be ignored for this
(caption)                particular \caption on input line 250.
See the caption package documentation for explanation.

<imagens/lista03/picture_lista03.02_q01_item06.png, id=314, 341.8371pt x 339.66
9pt>
File: imagens/lista03/picture_lista03.02_q01_item06.png Graphic file (type png)

<use imagens/lista03/picture_lista03.02_q01_item06.png>
Package pdftex.def Info: imagens/lista03/picture_lista03.02_q01_item06.png  use
d on input line 254.
(pdftex.def)             Requested size: 106.49785pt x 105.81976pt.

Package caption Warning: The option `hypcap=true' will be ignored for this
(caption)                particular \caption on input line 255.
See the caption package documentation for explanation.

<imagens/lista03/picture_lista03.02_q01_item07.png, id=315, 330.2739pt x 339.66
9pt>
File: imagens/lista03/picture_lista03.02_q01_item07.png Graphic file (type png)

<use imagens/lista03/picture_lista03.02_q01_item07.png>
Package pdftex.def Info: imagens/lista03/picture_lista03.02_q01_item07.png  use
d on input line 259.
(pdftex.def)             Requested size: 106.49785pt x 109.52556pt.

Package caption Warning: The option `hypcap=true' will be ignored for this
(caption)                particular \caption on input line 260.
See the caption package documentation for explanation.

<imagens/lista03/picture_lista03.02_q01_item08.png, id=316, 321.6015pt x 339.66
9pt>
File: imagens/lista03/picture_lista03.02_q01_item08.png Graphic file (type png)

<use imagens/lista03/picture_lista03.02_q01_item08.png>
Package pdftex.def Info: imagens/lista03/picture_lista03.02_q01_item08.png  use
d on input line 264.
(pdftex.def)             Requested size: 106.49785pt x 112.47983pt.

Package caption Warning: The option `hypcap=true' will be ignored for this
(caption)                particular \caption on input line 265.
See the caption package documentation for explanation.

<imagens/lista03/picture_lista03.02_q01_item09.png, id=317, 341.8371pt x 339.66
9pt>
File: imagens/lista03/picture_lista03.02_q01_item09.png Graphic file (type png)

<use imagens/lista03/picture_lista03.02_q01_item09.png>
Package pdftex.def Info: imagens/lista03/picture_lista03.02_q01_item09.png  use
d on input line 269.
(pdftex.def)             Requested size: 106.49785pt x 105.81976pt.

Package caption Warning: The option `hypcap=true' will be ignored for this
(caption)                particular \caption on input line 270.
See the caption package documentation for explanation.

<imagens/lista03/picture_lista03.02_q01_item10.png, id=318, 332.442pt x 338.223
6pt>
File: imagens/lista03/picture_lista03.02_q01_item10.png Graphic file (type png)

<use imagens/lista03/picture_lista03.02_q01_item10.png>
Package pdftex.def Info: imagens/lista03/picture_lista03.02_q01_item10.png  use
d on input line 274.
(pdftex.def)             Requested size: 106.49785pt x 108.3473pt.

Package caption Warning: The option `hypcap=true' will be ignored for this
(caption)                particular \caption on input line 275.
See the caption package documentation for explanation.

<imagens/lista03/picture_lista03.02_q01_item11.png, id=319, 341.8371pt x 339.66
9pt>
File: imagens/lista03/picture_lista03.02_q01_item11.png Graphic file (type png)

<use imagens/lista03/picture_lista03.02_q01_item11.png>
Package pdftex.def Info: imagens/lista03/picture_lista03.02_q01_item11.png  use
d on input line 279.
(pdftex.def)             Requested size: 106.49785pt x 105.81976pt.

Package caption Warning: The option `hypcap=true' will be ignored for this
(caption)                particular \caption on input line 280.
See the caption package documentation for explanation.

<imagens/lista03/picture_lista03.02_q01_item12.png, id=320, 328.1058pt x 339.66
9pt>
File: imagens/lista03/picture_lista03.02_q01_item12.png Graphic file (type png)

<use imagens/lista03/picture_lista03.02_q01_item12.png>
Package pdftex.def Info: imagens/lista03/picture_lista03.02_q01_item12.png  use
d on input line 284.
(pdftex.def)             Requested size: 106.49785pt x 110.25117pt.

Package caption Warning: The option `hypcap=true' will be ignored for this
(caption)                particular \caption on input line 285.
See the caption package documentation for explanation.

<imagens/lista03/picture_lista03.02_q01_item13.png, id=321, 330.2739pt x 339.66
9pt>
File: imagens/lista03/picture_lista03.02_q01_item13.png Graphic file (type png)

<use imagens/lista03/picture_lista03.02_q01_item13.png>
Package pdftex.def Info: imagens/lista03/picture_lista03.02_q01_item13.png  use
d on input line 289.
(pdftex.def)             Requested size: 106.49785pt x 109.52556pt.

Package caption Warning: The option `hypcap=true' will be ignored for this
(caption)                particular \caption on input line 290.
See the caption package documentation for explanation.

<imagens/lista03/picture_lista03.02_q01_item14.png, id=322, 341.8371pt x 339.66
9pt>
File: imagens/lista03/picture_lista03.02_q01_item14.png Graphic file (type png)

<use imagens/lista03/picture_lista03.02_q01_item14.png>
Package pdftex.def Info: imagens/lista03/picture_lista03.02_q01_item14.png  use
d on input line 294.
(pdftex.def)             Requested size: 106.49785pt x 105.81976pt.

Package caption Warning: The option `hypcap=true' will be ignored for this
(caption)                particular \caption on input line 295.
See the caption package documentation for explanation.

[18 <./imagens/lista03/picture_lista03_q04.jpg> <./imagens/lista03/picture_list
a03_q04.png.jpg> <./imagens/lista03/picture_lista03.02_q01_item01.png>]
[19 <./imagens/lista03/picture_lista03.02_q01_item02.png> <./imagens/lista03/pi
cture_lista03.02_q01_item03.png> <./imagens/lista03/picture_lista03.02_q01_item
04.png> <./imagens/lista03/picture_lista03.02_q01_item05.png>] [20 <./imagens/l
ista03/picture_lista03.02_q01_item06.png> <./imagens/lista03/picture_lista03.02
_q01_item07.png> <./imagens/lista03/picture_lista03.02_q01_item08.png> <./image
ns/lista03/picture_lista03.02_q01_item09.png>] [21 <./imagens/lista03/picture_l
ista03.02_q01_item10.png> <./imagens/lista03/picture_lista03.02_q01_item11.png>
 <./imagens/lista03/picture_lista03.02_q01_item12.png> <./imagens/lista03/pictu
re_lista03.02_q01_item13.png>]
<imagens/lista03/picture_lista03.02_q02_item01.png, id=382, 501.875pt x 501.875
pt>
File: imagens/lista03/picture_lista03.02_q02_item01.png Graphic file (type png)

<use imagens/lista03/picture_lista03.02_q02_item01.png>
Package pdftex.def Info: imagens/lista03/picture_lista03.02_q02_item01.png  use
d on input line 309.
(pdftex.def)             Requested size: 106.49785pt x 106.49194pt.


Package caption Warning: The option `hypcap=true' will be ignored for this
(caption)                particular \caption on input line 310.
See the caption package documentation for explanation.

<imagens/lista03/picture_lista03.02_q02_item02.png, id=383, 283.0575pt x 282.30
469pt>
File: imagens/lista03/picture_lista03.02_q02_item02.png Graphic file (type png)

<use imagens/lista03/picture_lista03.02_q02_item02.png>
Package pdftex.def Info: imagens/lista03/picture_lista03.02_q02_item02.png  use
d on input line 314.
(pdftex.def)             Requested size: 106.49785pt x 106.2129pt.

Package caption Warning: The option `hypcap=true' will be ignored for this
(caption)                particular \caption on input line 315.
See the caption package documentation for explanation.

<imagens/lista03/picture_lista03.02_q02_item03.png, id=384, 283.81032pt x 282.3
0469pt>
File: imagens/lista03/picture_lista03.02_q02_item03.png Graphic file (type png)

<use imagens/lista03/picture_lista03.02_q02_item03.png>
Package pdftex.def Info: imagens/lista03/picture_lista03.02_q02_item03.png  use
d on input line 319.
(pdftex.def)             Requested size: 106.49785pt x 105.9329pt.

Package caption Warning: The option `hypcap=true' will be ignored for this
(caption)                particular \caption on input line 320.
See the caption package documentation for explanation.

<imagens/lista03/picture_lista03.02_q02_item04.png, id=385, 283.0575pt x 282.30
469pt>
File: imagens/lista03/picture_lista03.02_q02_item04.png Graphic file (type png)

<use imagens/lista03/picture_lista03.02_q02_item04.png>
Package pdftex.def Info: imagens/lista03/picture_lista03.02_q02_item04.png  use
d on input line 324.
(pdftex.def)             Requested size: 106.49785pt x 106.2129pt.

Package caption Warning: The option `hypcap=true' will be ignored for this
(caption)                particular \caption on input line 325.
See the caption package documentation for explanation.

<imagens/lista03/picture_lista03.02_q02_item05.png, id=386, 501.875pt x 501.875
pt>
File: imagens/lista03/picture_lista03.02_q02_item05.png Graphic file (type png)

<use imagens/lista03/picture_lista03.02_q02_item05.png>
Package pdftex.def Info: imagens/lista03/picture_lista03.02_q02_item05.png  use
d on input line 329.
(pdftex.def)             Requested size: 106.49785pt x 106.49194pt.

Package caption Warning: The option `hypcap=true' will be ignored for this
(caption)                particular \caption on input line 330.
See the caption package documentation for explanation.

<imagens/lista03/picture_lista03.02_q02_item06.png, id=387, 501.875pt x 501.875
pt>
File: imagens/lista03/picture_lista03.02_q02_item06.png Graphic file (type png)

<use imagens/lista03/picture_lista03.02_q02_item06.png>
Package pdftex.def Info: imagens/lista03/picture_lista03.02_q02_item06.png  use
d on input line 334.
(pdftex.def)             Requested size: 106.49785pt x 106.49194pt.

Package caption Warning: The option `hypcap=true' will be ignored for this
(caption)                particular \caption on input line 335.
See the caption package documentation for explanation.

[22 <./imagens/lista03/picture_lista03.02_q01_item14.png> <./imagens/lista03/pi
cture_lista03.02_q02_item01.png (PNG copy)> <./imagens/lista03/picture_lista03.
02_q02_item02.png>] [23 <./imagens/lista03/picture_lista03.02_q02_item03.png> <
./imagens/lista03/picture_lista03.02_q02_item04.png> <./imagens/lista03/picture
_lista03.02_q02_item05.png (PNG copy)> <./imagens/lista03/picture_lista03.02_q0
2_item06.png (PNG copy)>]
<imagens/lista03/picture_lista03.02_q03_item01.png, id=413, 332.442pt x 338.223
6pt>
File: imagens/lista03/picture_lista03.02_q03_item01.png Graphic file (type png)

<use imagens/lista03/picture_lista03.02_q03_item01.png>
Package pdftex.def Info: imagens/lista03/picture_lista03.02_q03_item01.png  use
d on input line 350.
(pdftex.def)             Requested size: 106.49785pt x 108.3473pt.


Package caption Warning: The option `hypcap=true' will be ignored for this
(caption)                particular \caption on input line 351.
See the caption package documentation for explanation.

<imagens/lista03/picture_lista03.02_q03_item02.png, id=414, 332.442pt x 338.223
6pt>
File: imagens/lista03/picture_lista03.02_q03_item02.png Graphic file (type png)

<use imagens/lista03/picture_lista03.02_q03_item02.png>
Package pdftex.def Info: imagens/lista03/picture_lista03.02_q03_item02.png  use
d on input line 355.
(pdftex.def)             Requested size: 106.49785pt x 108.3473pt.

Package caption Warning: The option `hypcap=true' will be ignored for this
(caption)                particular \caption on input line 356.
See the caption package documentation for explanation.

<imagens/lista03/picture_lista03.02_q03_item03.png, id=415, 341.8371pt x 339.66
9pt>
File: imagens/lista03/picture_lista03.02_q03_item03.png Graphic file (type png)

<use imagens/lista03/picture_lista03.02_q03_item03.png>
Package pdftex.def Info: imagens/lista03/picture_lista03.02_q03_item03.png  use
d on input line 360.
(pdftex.def)             Requested size: 106.49785pt x 105.81976pt.

Package caption Warning: The option `hypcap=true' will be ignored for this
(caption)                particular \caption on input line 361.
See the caption package documentation for explanation.

<imagens/lista03/picture_lista03.02_q03_item04.png, id=416, 341.8371pt x 339.66
9pt>
File: imagens/lista03/picture_lista03.02_q03_item04.png Graphic file (type png)

<use imagens/lista03/picture_lista03.02_q03_item04.png>
Package pdftex.def Info: imagens/lista03/picture_lista03.02_q03_item04.png  use
d on input line 365.
(pdftex.def)             Requested size: 106.49785pt x 105.81976pt.

Package caption Warning: The option `hypcap=true' will be ignored for this
(caption)                particular \caption on input line 366.
See the caption package documentation for explanation.

<imagens/lista03/picture_lista03.02_q03_item05.png, id=417, 332.442pt x 338.223
6pt>
File: imagens/lista03/picture_lista03.02_q03_item05.png Graphic file (type png)

<use imagens/lista03/picture_lista03.02_q03_item05.png>
Package pdftex.def Info: imagens/lista03/picture_lista03.02_q03_item05.png  use
d on input line 370.
(pdftex.def)             Requested size: 106.49785pt x 108.3473pt.

Package caption Warning: The option `hypcap=true' will be ignored for this
(caption)                particular \caption on input line 371.
See the caption package documentation for explanation.

<imagens/lista03/picture_lista03.02_q03_item06.png, id=418, 341.8371pt x 339.66
9pt>
File: imagens/lista03/picture_lista03.02_q03_item06.png Graphic file (type png)

<use imagens/lista03/picture_lista03.02_q03_item06.png>
Package pdftex.def Info: imagens/lista03/picture_lista03.02_q03_item06.png  use
d on input line 375.
(pdftex.def)             Requested size: 106.49785pt x 105.81976pt.

Package caption Warning: The option `hypcap=true' will be ignored for this
(caption)                particular \caption on input line 376.
See the caption package documentation for explanation.

<imagens/lista03/picture_lista03.02_q03_item07.png, id=419, 321.6015pt x 339.66
9pt>
File: imagens/lista03/picture_lista03.02_q03_item07.png Graphic file (type png)

<use imagens/lista03/picture_lista03.02_q03_item07.png>
Package pdftex.def Info: imagens/lista03/picture_lista03.02_q03_item07.png  use
d on input line 380.
(pdftex.def)             Requested size: 106.49785pt x 112.47983pt.

Package caption Warning: The option `hypcap=true' will be ignored for this
(caption)                particular \caption on input line 381.
See the caption package documentation for explanation.

<imagens/lista03/picture_lista03.02_q03_item08.png, id=420, 321.6015pt x 339.66
9pt>
File: imagens/lista03/picture_lista03.02_q03_item08.png Graphic file (type png)

<use imagens/lista03/picture_lista03.02_q03_item08.png>
Package pdftex.def Info: imagens/lista03/picture_lista03.02_q03_item08.png  use
d on input line 385.
(pdftex.def)             Requested size: 106.49785pt x 112.47983pt.

Package caption Warning: The option `hypcap=true' will be ignored for this
(caption)                particular \caption on input line 386.
See the caption package documentation for explanation.

<imagens/lista03/picture_lista03.02_q03_item09.png, id=421, 330.2739pt x 339.66
9pt>
File: imagens/lista03/picture_lista03.02_q03_item09.png Graphic file (type png)

<use imagens/lista03/picture_lista03.02_q03_item09.png>
Package pdftex.def Info: imagens/lista03/picture_lista03.02_q03_item09.png  use
d on input line 390.
(pdftex.def)             Requested size: 106.49785pt x 109.52556pt.

Package caption Warning: The option `hypcap=true' will be ignored for this
(caption)                particular \caption on input line 391.
See the caption package documentation for explanation.

<imagens/lista03/picture_lista03.02_q03_item10.png, id=422, 330.2739pt x 339.66
9pt>
File: imagens/lista03/picture_lista03.02_q03_item10.png Graphic file (type png)

<use imagens/lista03/picture_lista03.02_q03_item10.png>
Package pdftex.def Info: imagens/lista03/picture_lista03.02_q03_item10.png  use
d on input line 395.
(pdftex.def)             Requested size: 106.49785pt x 109.52556pt.

Package caption Warning: The option `hypcap=true' will be ignored for this
(caption)                particular \caption on input line 396.
See the caption package documentation for explanation.

<imagens/lista03/picture_lista03.02_q03_item11.png, id=423, 328.1058pt x 339.66
9pt>
File: imagens/lista03/picture_lista03.02_q03_item11.png Graphic file (type png)

<use imagens/lista03/picture_lista03.02_q03_item11.png>
Package pdftex.def Info: imagens/lista03/picture_lista03.02_q03_item11.png  use
d on input line 400.
(pdftex.def)             Requested size: 106.49785pt x 110.25117pt.

Package caption Warning: The option `hypcap=true' will be ignored for this
(caption)                particular \caption on input line 401.
See the caption package documentation for explanation.

<imagens/lista03/picture_lista03.02_q03_item12.png, id=424, 328.1058pt x 339.66
9pt>
File: imagens/lista03/picture_lista03.02_q03_item12.png Graphic file (type png)

<use imagens/lista03/picture_lista03.02_q03_item12.png>
Package pdftex.def Info: imagens/lista03/picture_lista03.02_q03_item12.png  use
d on input line 405.
(pdftex.def)             Requested size: 106.49785pt x 110.25117pt.

Package caption Warning: The option `hypcap=true' will be ignored for this
(caption)                particular \caption on input line 406.
See the caption package documentation for explanation.

[24 <./imagens/lista03/picture_lista03.02_q03_item01.png> <./imagens/lista03/pi
cture_lista03.02_q03_item02.png> <./imagens/lista03/picture_lista03.02_q03_item
03.png>] [25 <./imagens/lista03/picture_lista03.02_q03_item04.png> <./imagens/l
ista03/picture_lista03.02_q03_item05.png> <./imagens/lista03/picture_lista03.02
_q03_item06.png> <./imagens/lista03/picture_lista03.02_q03_item07.png>]
[26 <./imagens/lista03/picture_lista03.02_q03_item08.png> <./imagens/lista03/pi
cture_lista03.02_q03_item09.png> <./imagens/lista03/picture_lista03.02_q03_item
10.png> <./imagens/lista03/picture_lista03.02_q03_item11.png>] [27 <./imagens/l
ista03/picture_lista03.02_q03_item12.png>]) (listas/lista04.tex [28]) [29]
(main.aux)
 ***********
LaTeX2e <2023-11-01> patch level 1
L3 programming layer <2024-01-04>
 ***********
Package rerunfilecheck Info: File `main.out' has not changed.
(rerunfilecheck)             Checksum: EDF30B1F51E40685AD409A325B3ACAFB;760.
 ) 
Here is how much of TeX's memory you used:
 31788 strings out of 474486
 640883 string characters out of 5743755
 2273542 words of memory out of 5000000
 53300 multiletter control sequences out of 15000+600000
 577616 words of font info for 89 fonts, out of 8000000 for 9000
 1141 hyphenation exceptions out of 8191
 106i,11n,110p,617b,1743s stack positions out of 10000i,1000n,20000p,200000b,200000s
 <C:\Users\maria\AppData\Local\MiKTeX\fonts/pk/ljfour/jknappen/ec/dpi600\ectt
1095.pk> <C:\Users\maria\AppData\Local\MiKTeX\fonts/pk/ljfour/jknappen/ec/dpi60
0\ecrm0600.pk> <C:\Users\maria\AppData\Local\MiKTeX\fonts/pk/ljfour/jknappen/ec
/dpi600\ecbx1440.pk> <C:\Users\maria\AppData\Local\MiKTeX\fonts/pk/ljfour/jknap
pen/ec/dpi600\tcrm1200.pk> <C:\Users\maria\AppData\Local\MiKTeX\fonts/pk/ljfour
/jknappen/ec/dpi600\ecti1200.pk> <C:\Users\maria\AppData\Local\MiKTeX\fonts/pk/
ljfour/jknappen/ec/dpi600\ecrm1200.pk> <C:\Users\maria\AppData\Local\MiKTeX\fon
ts/pk/ljfour/jknappen/ec/dpi600\ecbx1200.pk> <C:\Users\maria\AppData\Local\MiKT
eX\fonts/pk/ljfour/jknappen/ec/dpi600\ecbx1728.pk> <C:\Users\maria\AppData\Loca
l\MiKTeX\fonts/pk/ljfour/jknappen/ec/dpi600\ecrm1440.pk> <C:\Users\maria\AppDat
a\Local\MiKTeX\fonts/pk/ljfour/jknappen/ec/dpi600\ecrm2074.pk><C:/Users/maria/A
ppData/Local/Programs/MiKTeX/fonts/type1/public/amsfonts/cm/cmex10.pfb><C:/User
s/maria/AppData/Local/Programs/MiKTeX/fonts/type1/public/amsfonts/cmextra/cmex7
.pfb><C:/Users/maria/AppData/Local/Programs/MiKTeX/fonts/type1/public/amsfonts/
cm/cmmi10.pfb><C:/Users/maria/AppData/Local/Programs/MiKTeX/fonts/type1/public/
amsfonts/cm/cmmi12.pfb><C:/Users/maria/AppData/Local/Programs/MiKTeX/fonts/type
1/public/amsfonts/cm/cmmi6.pfb><C:/Users/maria/AppData/Local/Programs/MiKTeX/fo
nts/type1/public/amsfonts/cm/cmmi7.pfb><C:/Users/maria/AppData/Local/Programs/M
iKTeX/fonts/type1/public/amsfonts/cm/cmmi8.pfb><C:/Users/maria/AppData/Local/Pr
ograms/MiKTeX/fonts/type1/public/amsfonts/cm/cmr10.pfb><C:/Users/maria/AppData/
Local/Programs/MiKTeX/fonts/type1/public/amsfonts/cm/cmr12.pfb><C:/Users/maria/
AppData/Local/Programs/MiKTeX/fonts/type1/public/amsfonts/cm/cmr5.pfb><C:/Users
/maria/AppData/Local/Programs/MiKTeX/fonts/type1/public/amsfonts/cm/cmr6.pfb><C
:/Users/maria/AppData/Local/Programs/MiKTeX/fonts/type1/public/amsfonts/cm/cmr7
.pfb><C:/Users/maria/AppData/Local/Programs/MiKTeX/fonts/type1/public/amsfonts/
cm/cmr8.pfb><C:/Users/maria/AppData/Local/Programs/MiKTeX/fonts/type1/public/am
sfonts/cm/cmsy10.pfb><C:/Users/maria/AppData/Local/Programs/MiKTeX/fonts/type1/
public/amsfonts/cm/cmsy6.pfb><C:/Users/maria/AppData/Local/Programs/MiKTeX/font
s/type1/public/amsfonts/cm/cmsy7.pfb><C:/Users/maria/AppData/Local/Programs/MiK
TeX/fonts/type1/public/amsfonts/cm/cmsy8.pfb><C:/Users/maria/AppData/Local/Prog
rams/MiKTeX/fonts/type1/public/amsfonts/symbols/msam10.pfb><C:/Users/maria/AppD
ata/Local/Programs/MiKTeX/fonts/type1/public/amsfonts/symbols/msbm10.pfb>
Output written on main.pdf (29 pages, 1895765 bytes).
PDF statistics:
 972 PDF objects out of 1000 (max. 8388607)
 206 named destinations out of 1000 (max. 500000)
 473 words of extra memory for PDF output out of 10000 (max. 10000000)

